<?xml version="1.0" encoding="UTF-8"?>
<coverage generated="1669056856">
  <project timestamp="1669056856">
    <file name="/usr/src/app/src/AnsiEscapesToHtml/Highlighter.php">
      <class name="AnsiEscapesToHtml\Highlighter" namespace="global">
        <metrics complexity="33" methods="9" coveredmethods="8" conditionals="0" coveredconditionals="0" statements="79" coveredstatements="78" elements="88" coveredelements="86"/>
      </class>
      <line num="84" type="method" name="toHtml" visibility="public" complexity="5" crap="5" count="4"/>
      <line num="87" type="stmt" count="4"/>
      <line num="90" type="stmt" count="4"/>
      <line num="91" type="stmt" count="2"/>
      <line num="92" type="stmt" count="2"/>
      <line num="94" type="stmt" count="2"/>
      <line num="97" type="stmt" count="4"/>
      <line num="98" type="stmt" count="4"/>
      <line num="100" type="stmt" count="4"/>
      <line num="101" type="stmt" count="4"/>
      <line num="102" type="stmt" count="4"/>
      <line num="103" type="stmt" count="4"/>
      <line num="104" type="stmt" count="4"/>
      <line num="106" type="stmt" count="4"/>
      <line num="107" type="stmt" count="4"/>
      <line num="108" type="stmt" count="4"/>
      <line num="109" type="stmt" count="4"/>
      <line num="114" type="stmt" count="4"/>
      <line num="115" type="stmt" count="4"/>
      <line num="116" type="stmt" count="4"/>
      <line num="120" type="stmt" count="4"/>
      <line num="121" type="stmt" count="4"/>
      <line num="122" type="stmt" count="4"/>
      <line num="125" type="stmt" count="4"/>
      <line num="132" type="method" name="openContainerWithStyles" visibility="public" complexity="2" crap="2" count="4"/>
      <line num="134" type="stmt" count="4"/>
      <line num="135" type="stmt" count="4"/>
      <line num="136" type="stmt" count="4"/>
      <line num="138" type="stmt" count="4"/>
      <line num="144" type="method" name="closeContainer" visibility="public" complexity="1" crap="1" count="4"/>
      <line num="146" type="stmt" count="4"/>
      <line num="152" type="method" name="getDefaultStyles" visibility="public" complexity="2" crap="2" count="6"/>
      <line num="154" type="stmt" count="6"/>
      <line num="156" type="stmt" count="6"/>
      <line num="157" type="stmt" count="6"/>
      <line num="158" type="stmt" count="6"/>
      <line num="159" type="stmt" count="6"/>
      <line num="161" type="stmt" count="6"/>
      <line num="170" type="method" name="getCssStylesFromCode" visibility="public" complexity="9" crap="9" count="5"/>
      <line num="172" type="stmt" count="5"/>
      <line num="175" type="stmt" count="5"/>
      <line num="176" type="stmt" count="5"/>
      <line num="177" type="stmt" count="3"/>
      <line num="179" type="stmt" count="3"/>
      <line num="180" type="stmt" count="3"/>
      <line num="181" type="stmt" count="3"/>
      <line num="184" type="stmt" count="1"/>
      <line num="186" type="stmt" count="3"/>
      <line num="188" type="stmt" count="5"/>
      <line num="190" type="stmt" count="4"/>
      <line num="191" type="stmt" count="4"/>
      <line num="192" type="stmt" count="4"/>
      <line num="193" type="stmt" count="4"/>
      <line num="194" type="stmt" count="1"/>
      <line num="196" type="stmt" count="4"/>
      <line num="197" type="stmt" count="4"/>
      <line num="198" type="stmt" count="4"/>
      <line num="199" type="stmt" count="4"/>
      <line num="200" type="stmt" count="4"/>
      <line num="201" type="stmt" count="4"/>
      <line num="207" type="stmt" count="5"/>
      <line num="215" type="method" name="getConversionTag" visibility="public" complexity="2" crap="2" count="6"/>
      <line num="217" type="stmt" count="6"/>
      <line num="218" type="stmt" count="1"/>
      <line num="220" type="stmt" count="5"/>
      <line num="226" type="method" name="getDefinedStyles" visibility="public" complexity="1" crap="1" count="7"/>
      <line num="228" type="stmt" count="7"/>
      <line num="235" type="method" name="setDefinedStyles" visibility="public" complexity="1" crap="1" count="1"/>
      <line num="237" type="stmt" count="1"/>
      <line num="238" type="stmt" count="1"/>
      <line num="246" type="method" name="getRgbColor" visibility="public" complexity="10" crap="10.02" count="4"/>
      <line num="250" type="stmt" count="4"/>
      <line num="251" type="stmt" count="4"/>
      <line num="252" type="stmt" count="4"/>
      <line num="253" type="stmt" count="4"/>
      <line num="254" type="stmt" count="4"/>
      <line num="255" type="stmt" count="4"/>
      <line num="257" type="stmt" count="4"/>
      <line num="258" type="stmt" count="4"/>
      <line num="259" type="stmt" count="4"/>
      <line num="261" type="stmt" count="4"/>
      <line num="266" type="stmt" count="4"/>
      <line num="267" type="stmt" count="4"/>
      <line num="268" type="stmt" count="4"/>
      <line num="269" type="stmt" count="4"/>
      <line num="273" type="stmt" count="4"/>
      <line num="274" type="stmt" count="4"/>
      <line num="277" type="stmt" count="0"/>
      <metrics loc="283" ncloc="179" classes="1" methods="9" coveredmethods="8" conditionals="0" coveredconditionals="0" statements="79" coveredstatements="78" elements="88" coveredelements="86"/>
    </file>
    <metrics files="1" loc="283" ncloc="179" classes="1" methods="9" coveredmethods="8" conditionals="0" coveredconditionals="0" statements="79" coveredstatements="78" elements="88" coveredelements="86"/>
  </project>
</coverage>
